<?xml version="1.0" encoding="UTF-8"?>
<coverage generated="1709740259639" clover="3.2.0">
  <project timestamp="1709740259640" name="All files">
    <metrics statements="16" coveredstatements="9" conditionals="5" coveredconditionals="2" methods="5" coveredmethods="2" elements="26" coveredelements="13" complexity="0" loc="16" ncloc="16" packages="1" files="1" classes="1"/>
    <file name="Weather.tsx" path="C:\Users\8106550T\WildCodeSchool\React\Sdk_carto\src\components\Weather.tsx">
      <metrics statements="16" coveredstatements="9" conditionals="5" coveredconditionals="2" methods="5" coveredmethods="2"/>
      <line num="1" count="1" type="stmt"/>
      <line num="2" count="1" type="stmt"/>
      <line num="18" count="1" type="stmt"/>
      <line num="19" count="1" type="stmt"/>
      <line num="21" count="1" type="stmt"/>
      <line num="22" count="1" type="cond" truecount="1" falsecount="2"/>
      <line num="23" count="0" type="stmt"/>
      <line num="24" count="0" type="stmt"/>
      <line num="25" count="0" type="stmt"/>
      <line num="27" count="0" type="stmt"/>
      <line num="28" count="0" type="stmt"/>
      <line num="31" count="0" type="stmt"/>
      <line num="39" count="1" type="cond" truecount="1" falsecount="1"/>
      <line num="40" count="0" type="stmt"/>
      <line num="50" count="1" type="stmt"/>
      <line num="61" count="1" type="stmt"/>
    </file>
  </project>
</coverage>
