{"C:\\Users\\8106550T\\WildCodeSchool\\React\\Sdk_carto\\src\\components\\Weather.tsx": {"path":"C:\\Users\\8106550T\\WildCodeSchool\\React\\Sdk_carto\\src\\components\\Weather.tsx","statementMap":{"0":{"start":{"line":1,"column":0},"end":{"line":1,"column":51}},"1":{"start":{"line":2,"column":0},"end":{"line":2,"column":23}},"2":{"start":{"line":18,"column":40},"end":{"line":60,"column":1}},"3":{"start":{"line":19,"column":40},"end":{"line":19,"column":74}},"4":{"start":{"line":21,"column":2},"end":{"line":37,"column":17}},"5":{"start":{"line":22,"column":4},"end":{"line":36,"column":5}},"6":{"start":{"line":23,"column":21},"end":{"line":23,"column":137}},"7":{"start":{"line":24,"column":6},"end":{"line":35,"column":10}},"8":{"start":{"line":25,"column":28},"end":{"line":25,"column":43}},"9":{"start":{"line":27,"column":10},"end":{"line":27,"column":58}},"10":{"start":{"line":28,"column":10},"end":{"line":28,"column":31}},"11":{"start":{"line":31,"column":10},"end":{"line":33,"column":null}},"12":{"start":{"line":39,"column":2},"end":{"line":59,"column":3}},"13":{"start":{"line":40,"column":4},"end":{"line":48,"column":6}},"14":{"start":{"line":50,"column":4},"end":{"line":58,"column":6}},"15":{"start":{"line":61,"column":0},"end":{"line":61,"column":23}}},"fnMap":{"0":{"name":"(anonymous_0)","decl":{"start":{"line":18,"column":40},"end":{"line":18,"column":41}},"loc":{"start":{"line":18,"column":57},"end":{"line":60,"column":1}}},"1":{"name":"(anonymous_1)","decl":{"start":{"line":21,"column":12},"end":{"line":21,"column":15}},"loc":{"start":{"line":21,"column":17},"end":{"line":37,"column":3}}},"2":{"name":"(anonymous_2)","decl":{"start":{"line":25,"column":14},"end":{"line":25,"column":15}},"loc":{"start":{"line":25,"column":28},"end":{"line":25,"column":43}}},"3":{"name":"(anonymous_3)","decl":{"start":{"line":26,"column":14},"end":{"line":26,"column":15}},"loc":{"start":{"line":26,"column":36},"end":{"line":29,"column":9}}},"4":{"name":"(anonymous_4)","decl":{"start":{"line":30,"column":15},"end":{"line":30,"column":16}},"loc":{"start":{"line":31,"column":10},"end":{"line":33,"column":null}}}},"branchMap":{"0":{"loc":{"start":{"line":22,"column":4},"end":{"line":36,"column":5}},"type":"if","locations":[{"start":{"line":22,"column":4},"end":{"line":36,"column":5}}]},"1":{"loc":{"start":{"line":22,"column":8},"end":{"line":22,"column":18}},"type":"binary-expr","locations":[{"start":{"line":22,"column":8},"end":{"line":22,"column":11}},{"start":{"line":22,"column":15},"end":{"line":22,"column":18}}]},"2":{"loc":{"start":{"line":39,"column":2},"end":{"line":59,"column":3}},"type":"if","locations":[{"start":{"line":39,"column":2},"end":{"line":59,"column":3}},{"start":{"line":49,"column":9},"end":{"line":59,"column":3}}]}},"s":{"0":1,"1":1,"2":1,"3":1,"4":1,"5":1,"6":0,"7":0,"8":0,"9":0,"10":0,"11":0,"12":1,"13":0,"14":1,"15":1},"f":{"0":1,"1":1,"2":0,"3":0,"4":0},"b":{"0":[0],"1":[1,0],"2":[0,1]}}
}
